[11:52:14] [Server thread/INFO]: Starting minecraft server version 1.14
[11:52:14] [Server thread/INFO]: Loading properties
[11:52:14] [Server thread/INFO]: This server is running CraftBukkit version git-Spigot-4d24e36-5193f76 (MC: 1.14) (Implementing API version 1.14-R0.1-SNAPSHOT)
[11:52:15] [Server thread/INFO]: Debug logging is disabled
[11:52:15] [Server thread/INFO]: Server Ping Player Sample Count: 12
[11:52:15] [Server thread/INFO]: Using 4 threads for Netty based IO
[11:52:15] [Server thread/INFO]: Default game type: SURVIVAL
[11:52:15] [Server thread/INFO]: Generating keypair
[11:52:15] [Server thread/INFO]: Starting Minecraft server on *:25565
[11:52:15] [Server thread/INFO]: Using default channel type
[11:52:18] [Server thread/WARN]: Plugin GodSwordPlugin v1.0 does not specify an api-version.
[11:52:19] [Server thread/INFO]: [GodSwordPlugin] Loading GodSwordPlugin v1.0
[11:52:19] [Server thread/INFO]: Preparing level "world"
[11:52:19] [Server thread/INFO]: Reloading ResourceManager: Default, bukkit
[11:52:21] [Server thread/INFO]: Loaded 6 recipes
[11:52:23] [Server thread/INFO]: -------- World Settings For [world] --------
[11:52:23] [Server thread/INFO]: Custom Map Seeds:  Village: 10387312 Desert: 14357617 Igloo: 14357618 Jungle: 14357619 Swamp: 14357620 Monument: 10387313Ocean: 14357621 Shipwreck: 165745295 Slime: 987234911
[11:52:23] [Server thread/INFO]: View Distance: 10
[11:52:23] [Server thread/INFO]: Allow Zombie Pigmen to spawn from portal blocks: true
[11:52:23] [Server thread/INFO]: Item Despawn Rate: 6000
[11:52:23] [Server thread/INFO]: Item Merge Radius: 2.5
[11:52:23] [Server thread/INFO]: Arrow Despawn Rate: 1200
[11:52:23] [Server thread/INFO]: Zombie Aggressive Towards Villager: true
[11:52:23] [Server thread/INFO]: Nerfing mobs spawned from spawners: false
[11:52:23] [Server thread/INFO]: Tile Max Tick Time: 50ms Entity max Tick Time: 50ms
[11:52:23] [Server thread/INFO]: Cactus Growth Modifier: 100%
[11:52:23] [Server thread/INFO]: Cane Growth Modifier: 100%
[11:52:23] [Server thread/INFO]: Melon Growth Modifier: 100%
[11:52:23] [Server thread/INFO]: Mushroom Growth Modifier: 100%
[11:52:23] [Server thread/INFO]: Pumpkin Growth Modifier: 100%
[11:52:23] [Server thread/INFO]: Sapling Growth Modifier: 100%
[11:52:23] [Server thread/INFO]: Beetroot Growth Modifier: 100%
[11:52:23] [Server thread/INFO]: Carrot Growth Modifier: 100%
[11:52:23] [Server thread/INFO]: Potato Growth Modifier: 100%
[11:52:23] [Server thread/INFO]: Wheat Growth Modifier: 100%
[11:52:23] [Server thread/INFO]: NetherWart Growth Modifier: 100%
[11:52:23] [Server thread/INFO]: Vine Growth Modifier: 100%
[11:52:23] [Server thread/INFO]: Cocoa Growth Modifier: 100%
[11:52:23] [Server thread/INFO]: Hopper Transfer: 8 Hopper Check: 1 Hopper Amount: 1
[11:52:23] [Server thread/INFO]: Experience Merge Radius: 3.0
[11:52:23] [Server thread/INFO]: Max TNT Explosions: 100
[11:52:23] [Server thread/INFO]: Entity Tracking Range: Pl 48 / An 48 / Mo 48 / Mi 32 / Other 64
[11:52:23] [Server thread/INFO]: Entity Activation Range: An 32 / Mo 32 / Mi 16 / Tiv true
[11:52:23] [Server thread/INFO]: Mob Spawn Range: 6
[11:52:23] [Server thread/INFO]: -------- World Settings For [world_nether] --------
[11:52:23] [Server thread/INFO]: Custom Map Seeds:  Village: 10387312 Desert: 14357617 Igloo: 14357618 Jungle: 14357619 Swamp: 14357620 Monument: 10387313Ocean: 14357621 Shipwreck: 165745295 Slime: 987234911
[11:52:23] [Server thread/INFO]: View Distance: 10
[11:52:23] [Server thread/INFO]: Allow Zombie Pigmen to spawn from portal blocks: true
[11:52:23] [Server thread/INFO]: Item Despawn Rate: 6000
[11:52:23] [Server thread/INFO]: Item Merge Radius: 2.5
[11:52:23] [Server thread/INFO]: Arrow Despawn Rate: 1200
[11:52:23] [Server thread/INFO]: Zombie Aggressive Towards Villager: true
[11:52:23] [Server thread/INFO]: Nerfing mobs spawned from spawners: false
[11:52:23] [Server thread/INFO]: Tile Max Tick Time: 50ms Entity max Tick Time: 50ms
[11:52:23] [Server thread/INFO]: Cactus Growth Modifier: 100%
[11:52:23] [Server thread/INFO]: Cane Growth Modifier: 100%
[11:52:23] [Server thread/INFO]: Melon Growth Modifier: 100%
[11:52:23] [Server thread/INFO]: Mushroom Growth Modifier: 100%
[11:52:23] [Server thread/INFO]: Pumpkin Growth Modifier: 100%
[11:52:23] [Server thread/INFO]: Sapling Growth Modifier: 100%
[11:52:23] [Server thread/INFO]: Beetroot Growth Modifier: 100%
[11:52:23] [Server thread/INFO]: Carrot Growth Modifier: 100%
[11:52:23] [Server thread/INFO]: Potato Growth Modifier: 100%
[11:52:23] [Server thread/INFO]: Wheat Growth Modifier: 100%
[11:52:23] [Server thread/INFO]: NetherWart Growth Modifier: 100%
[11:52:23] [Server thread/INFO]: Vine Growth Modifier: 100%
[11:52:23] [Server thread/INFO]: Cocoa Growth Modifier: 100%
[11:52:23] [Server thread/INFO]: Hopper Transfer: 8 Hopper Check: 1 Hopper Amount: 1
[11:52:23] [Server thread/INFO]: Experience Merge Radius: 3.0
[11:52:23] [Server thread/INFO]: Max TNT Explosions: 100
[11:52:23] [Server thread/INFO]: Entity Tracking Range: Pl 48 / An 48 / Mo 48 / Mi 32 / Other 64
[11:52:23] [Server thread/INFO]: Entity Activation Range: An 32 / Mo 32 / Mi 16 / Tiv true
[11:52:23] [Server thread/INFO]: Mob Spawn Range: 6
[11:52:24] [Server thread/INFO]: -------- World Settings For [world_the_end] --------
[11:52:24] [Server thread/INFO]: Custom Map Seeds:  Village: 10387312 Desert: 14357617 Igloo: 14357618 Jungle: 14357619 Swamp: 14357620 Monument: 10387313Ocean: 14357621 Shipwreck: 165745295 Slime: 987234911
[11:52:24] [Server thread/INFO]: View Distance: 10
[11:52:24] [Server thread/INFO]: Allow Zombie Pigmen to spawn from portal blocks: true
[11:52:24] [Server thread/INFO]: Item Despawn Rate: 6000
[11:52:24] [Server thread/INFO]: Item Merge Radius: 2.5
[11:52:24] [Server thread/INFO]: Arrow Despawn Rate: 1200
[11:52:24] [Server thread/INFO]: Zombie Aggressive Towards Villager: true
[11:52:24] [Server thread/INFO]: Nerfing mobs spawned from spawners: false
[11:52:24] [Server thread/INFO]: Tile Max Tick Time: 50ms Entity max Tick Time: 50ms
[11:52:24] [Server thread/INFO]: Cactus Growth Modifier: 100%
[11:52:24] [Server thread/INFO]: Cane Growth Modifier: 100%
[11:52:24] [Server thread/INFO]: Melon Growth Modifier: 100%
[11:52:24] [Server thread/INFO]: Mushroom Growth Modifier: 100%
[11:52:24] [Server thread/INFO]: Pumpkin Growth Modifier: 100%
[11:52:24] [Server thread/INFO]: Sapling Growth Modifier: 100%
[11:52:24] [Server thread/INFO]: Beetroot Growth Modifier: 100%
[11:52:24] [Server thread/INFO]: Carrot Growth Modifier: 100%
[11:52:24] [Server thread/INFO]: Potato Growth Modifier: 100%
[11:52:24] [Server thread/INFO]: Wheat Growth Modifier: 100%
[11:52:24] [Server thread/INFO]: NetherWart Growth Modifier: 100%
[11:52:24] [Server thread/INFO]: Vine Growth Modifier: 100%
[11:52:24] [Server thread/INFO]: Cocoa Growth Modifier: 100%
[11:52:24] [Server thread/INFO]: Hopper Transfer: 8 Hopper Check: 1 Hopper Amount: 1
[11:52:24] [Server thread/INFO]: Experience Merge Radius: 3.0
[11:52:24] [Server thread/INFO]: Max TNT Explosions: 100
[11:52:24] [Server thread/INFO]: Entity Tracking Range: Pl 48 / An 48 / Mo 48 / Mi 32 / Other 64
[11:52:24] [Server thread/INFO]: Entity Activation Range: An 32 / Mo 32 / Mi 16 / Tiv true
[11:52:24] [Server thread/INFO]: Mob Spawn Range: 6
[11:52:24] [Server thread/INFO]: Preparing start region for dimension 'world'/minecraft:overworld
[11:52:26] [Server-Worker-3/INFO]: Preparing spawn area: 0%
[11:52:26] [Server-Worker-8/INFO]: Preparing spawn area: 0%
[11:52:26] [Server-Worker-3/INFO]: Preparing spawn area: 0%
[11:52:26] [Server-Worker-5/INFO]: Preparing spawn area: 0%
[11:52:26] [Server-Worker-7/INFO]: Preparing spawn area: 0%
[11:52:26] [Server-Worker-7/INFO]: Preparing spawn area: 0%
[11:52:27] [Server-Worker-1/INFO]: Preparing spawn area: 0%
[11:52:27] [Server-Worker-8/INFO]: Preparing spawn area: 0%
[11:52:28] [Server-Worker-7/INFO]: Preparing spawn area: 15%
[11:52:28] [Server-Worker-1/INFO]: Preparing spawn area: 90%
[11:52:29] [Server-Worker-1/INFO]: Preparing spawn area: 94%
[11:52:29] [Server thread/INFO]: Time elapsed: 5300 ms
[11:52:29] [Server thread/INFO]: Preparing start region for dimension 'world_nether'/minecraft:the_nether
[11:52:29] [Server-Worker-8/INFO]: Preparing spawn area: 0%
[11:52:29] [Server-Worker-3/INFO]: Preparing spawn area: 0%
[11:52:30] [Server-Worker-1/INFO]: Preparing spawn area: 0%
[11:52:30] [Server-Worker-6/INFO]: Preparing spawn area: 0%
[11:52:31] [Server-Worker-1/INFO]: Preparing spawn area: 15%
[11:52:31] [Server-Worker-5/INFO]: Preparing spawn area: 88%
[11:52:32] [Server thread/INFO]: Time elapsed: 2748 ms
[11:52:32] [Server thread/INFO]: Preparing start region for dimension 'world_the_end'/minecraft:the_end
[11:52:32] [Server-Worker-3/INFO]: Preparing spawn area: 0%
[11:52:32] [Server-Worker-5/INFO]: Preparing spawn area: 0%
[11:52:33] [Server-Worker-8/INFO]: Preparing spawn area: 0%
[11:52:33] [Server-Worker-7/INFO]: Preparing spawn area: 0%
[11:52:34] [Server-Worker-5/INFO]: Preparing spawn area: 83%
[11:52:34] [Server thread/INFO]: Time elapsed: 2196 ms
[11:52:34] [Server thread/INFO]: [GodSwordPlugin] Enabling GodSwordPlugin v1.0
[11:52:34] [Server thread/INFO]: Thank for download GodSword plugin
[11:52:34] [Server thread/INFO]: Server permissions file permissions.yml is empty, ignoring it
[11:52:34] [Server thread/INFO]: Done (15.254s)! For help, type "help"
[11:52:40] [User Authenticator #1/INFO]: UUID of player Px_Fairy_jeux is e1075090-b11c-472b-96be-86c7be801b81
[11:52:40] [Server thread/INFO]: Px_Fairy_jeux[/127.0.0.1:49339] logged in with entity id 157 at ([world]121.5, 65.0, 237.5)
[11:52:53] [Server thread/INFO]: Px_Fairy_jeux issued server command: /godsword
[11:53:06] [Server thread/INFO]: Px_Fairy_jeux issued server command: /GODSWORD
[11:53:10] [Server thread/INFO]: Px_Fairy_jeux lost connection: Disconnected
[11:53:10] [Server thread/INFO]: Px_Fairy_jeux left the game
[11:58:35] [Server thread/INFO]: CONSOLE: [0;31;1mPlease note that this command is not supported and may cause issues when using some plugins.[m
[11:58:35] [Server thread/INFO]: CONSOLE: [0;31;1mIf you encounter any issues please use the /stop command to restart your server.[m
[11:58:35] [Server thread/INFO]: Debug logging is disabled
[11:58:35] [Server thread/INFO]: Server Ping Player Sample Count: 12
[11:58:35] [Server thread/INFO]: Using 4 threads for Netty based IO
[11:58:35] [Server thread/INFO]: -------- World Settings For [world] --------
[11:58:35] [Server thread/INFO]: Custom Map Seeds:  Village: 10387312 Desert: 14357617 Igloo: 14357618 Jungle: 14357619 Swamp: 14357620 Monument: 10387313Ocean: 14357621 Shipwreck: 165745295 Slime: 987234911
[11:58:35] [Server thread/INFO]: View Distance: 10
[11:58:35] [Server thread/INFO]: Allow Zombie Pigmen to spawn from portal blocks: true
[11:58:35] [Server thread/INFO]: Item Despawn Rate: 6000
[11:58:35] [Server thread/INFO]: Item Merge Radius: 2.5
[11:58:35] [Server thread/INFO]: Arrow Despawn Rate: 1200
[11:58:35] [Server thread/INFO]: Zombie Aggressive Towards Villager: true
[11:58:35] [Server thread/INFO]: Nerfing mobs spawned from spawners: false
[11:58:35] [Server thread/INFO]: Tile Max Tick Time: 50ms Entity max Tick Time: 50ms
[11:58:35] [Server thread/INFO]: Cactus Growth Modifier: 100%
[11:58:35] [Server thread/INFO]: Cane Growth Modifier: 100%
[11:58:35] [Server thread/INFO]: Melon Growth Modifier: 100%
[11:58:35] [Server thread/INFO]: Mushroom Growth Modifier: 100%
[11:58:35] [Server thread/INFO]: Pumpkin Growth Modifier: 100%
[11:58:35] [Server thread/INFO]: Sapling Growth Modifier: 100%
[11:58:35] [Server thread/INFO]: Beetroot Growth Modifier: 100%
[11:58:35] [Server thread/INFO]: Carrot Growth Modifier: 100%
[11:58:35] [Server thread/INFO]: Potato Growth Modifier: 100%
[11:58:35] [Server thread/INFO]: Wheat Growth Modifier: 100%
[11:58:35] [Server thread/INFO]: NetherWart Growth Modifier: 100%
[11:58:35] [Server thread/INFO]: Vine Growth Modifier: 100%
[11:58:35] [Server thread/INFO]: Cocoa Growth Modifier: 100%
[11:58:35] [Server thread/INFO]: Hopper Transfer: 8 Hopper Check: 1 Hopper Amount: 1
[11:58:35] [Server thread/INFO]: Experience Merge Radius: 3.0
[11:58:35] [Server thread/INFO]: Max TNT Explosions: 100
[11:58:35] [Server thread/INFO]: Entity Tracking Range: Pl 48 / An 48 / Mo 48 / Mi 32 / Other 64
[11:58:35] [Server thread/INFO]: Entity Activation Range: An 32 / Mo 32 / Mi 16 / Tiv true
[11:58:35] [Server thread/INFO]: Mob Spawn Range: 6
[11:58:35] [Server thread/INFO]: -------- World Settings For [world_nether] --------
[11:58:35] [Server thread/INFO]: Custom Map Seeds:  Village: 10387312 Desert: 14357617 Igloo: 14357618 Jungle: 14357619 Swamp: 14357620 Monument: 10387313Ocean: 14357621 Shipwreck: 165745295 Slime: 987234911
[11:58:35] [Server thread/INFO]: View Distance: 10
[11:58:35] [Server thread/INFO]: Allow Zombie Pigmen to spawn from portal blocks: true
[11:58:35] [Server thread/INFO]: Item Despawn Rate: 6000
[11:58:35] [Server thread/INFO]: Item Merge Radius: 2.5
[11:58:35] [Server thread/INFO]: Arrow Despawn Rate: 1200
[11:58:35] [Server thread/INFO]: Zombie Aggressive Towards Villager: true
[11:58:35] [Server thread/INFO]: Nerfing mobs spawned from spawners: false
[11:58:35] [Server thread/INFO]: Tile Max Tick Time: 50ms Entity max Tick Time: 50ms
[11:58:35] [Server thread/INFO]: Cactus Growth Modifier: 100%
[11:58:35] [Server thread/INFO]: Cane Growth Modifier: 100%
[11:58:35] [Server thread/INFO]: Melon Growth Modifier: 100%
[11:58:35] [Server thread/INFO]: Mushroom Growth Modifier: 100%
[11:58:35] [Server thread/INFO]: Pumpkin Growth Modifier: 100%
[11:58:35] [Server thread/INFO]: Sapling Growth Modifier: 100%
[11:58:35] [Server thread/INFO]: Beetroot Growth Modifier: 100%
[11:58:35] [Server thread/INFO]: Carrot Growth Modifier: 100%
[11:58:35] [Server thread/INFO]: Potato Growth Modifier: 100%
[11:58:35] [Server thread/INFO]: Wheat Growth Modifier: 100%
[11:58:35] [Server thread/INFO]: NetherWart Growth Modifier: 100%
[11:58:35] [Server thread/INFO]: Vine Growth Modifier: 100%
[11:58:35] [Server thread/INFO]: Cocoa Growth Modifier: 100%
[11:58:35] [Server thread/INFO]: Hopper Transfer: 8 Hopper Check: 1 Hopper Amount: 1
[11:58:35] [Server thread/INFO]: Experience Merge Radius: 3.0
[11:58:35] [Server thread/INFO]: Max TNT Explosions: 100
[11:58:35] [Server thread/INFO]: Entity Tracking Range: Pl 48 / An 48 / Mo 48 / Mi 32 / Other 64
[11:58:35] [Server thread/INFO]: Entity Activation Range: An 32 / Mo 32 / Mi 16 / Tiv true
[11:58:35] [Server thread/INFO]: Mob Spawn Range: 6
[11:58:35] [Server thread/INFO]: -------- World Settings For [world_the_end] --------
[11:58:35] [Server thread/INFO]: Custom Map Seeds:  Village: 10387312 Desert: 14357617 Igloo: 14357618 Jungle: 14357619 Swamp: 14357620 Monument: 10387313Ocean: 14357621 Shipwreck: 165745295 Slime: 987234911
[11:58:35] [Server thread/INFO]: View Distance: 10
[11:58:35] [Server thread/INFO]: Allow Zombie Pigmen to spawn from portal blocks: true
[11:58:35] [Server thread/INFO]: Item Despawn Rate: 6000
[11:58:35] [Server thread/INFO]: Item Merge Radius: 2.5
[11:58:35] [Server thread/INFO]: Arrow Despawn Rate: 1200
[11:58:35] [Server thread/INFO]: Zombie Aggressive Towards Villager: true
[11:58:35] [Server thread/INFO]: Nerfing mobs spawned from spawners: false
[11:58:35] [Server thread/INFO]: Tile Max Tick Time: 50ms Entity max Tick Time: 50ms
[11:58:35] [Server thread/INFO]: Cactus Growth Modifier: 100%
[11:58:35] [Server thread/INFO]: Cane Growth Modifier: 100%
[11:58:35] [Server thread/INFO]: Melon Growth Modifier: 100%
[11:58:35] [Server thread/INFO]: Mushroom Growth Modifier: 100%
[11:58:35] [Server thread/INFO]: Pumpkin Growth Modifier: 100%
[11:58:35] [Server thread/INFO]: Sapling Growth Modifier: 100%
[11:58:35] [Server thread/INFO]: Beetroot Growth Modifier: 100%
[11:58:35] [Server thread/INFO]: Carrot Growth Modifier: 100%
[11:58:35] [Server thread/INFO]: Potato Growth Modifier: 100%
[11:58:35] [Server thread/INFO]: Wheat Growth Modifier: 100%
[11:58:35] [Server thread/INFO]: NetherWart Growth Modifier: 100%
[11:58:35] [Server thread/INFO]: Vine Growth Modifier: 100%
[11:58:35] [Server thread/INFO]: Cocoa Growth Modifier: 100%
[11:58:35] [Server thread/INFO]: Hopper Transfer: 8 Hopper Check: 1 Hopper Amount: 1
[11:58:35] [Server thread/INFO]: Experience Merge Radius: 3.0
[11:58:35] [Server thread/INFO]: Max TNT Explosions: 100
[11:58:35] [Server thread/INFO]: Entity Tracking Range: Pl 48 / An 48 / Mo 48 / Mi 32 / Other 64
[11:58:35] [Server thread/INFO]: Entity Activation Range: An 32 / Mo 32 / Mi 16 / Tiv true
[11:58:35] [Server thread/INFO]: Mob Spawn Range: 6
[11:58:35] [Server thread/INFO]: [GodSwordPlugin] Disabling GodSwordPlugin v1.0
[11:58:35] [Server thread/INFO]: GoodBye
[11:58:36] [Server thread/INFO]: Loaded 6 recipes
[11:58:36] [Server thread/INFO]: Reloading ResourceManager: Default, bukkit
[11:58:37] [Server thread/INFO]: Loaded 6 recipes
[11:58:40] [Server thread/WARN]: Plugin GodSwordPlugin v1.0 does not specify an api-version.
[11:58:40] [Server thread/INFO]: [GodSwordPlugin] Loading GodSwordPlugin v1.0
[11:58:40] [Server thread/INFO]: [GodSwordPlugin] Enabling GodSwordPlugin v1.0
[11:58:40] [Server thread/INFO]: Thank for download GodSword plugin
[11:58:40] [Server thread/INFO]: Server permissions file permissions.yml is empty, ignoring it
[11:58:40] [Server thread/INFO]: CONSOLE: [0;32;1mReload complete.[m
[11:58:40] [Server thread/WARN]: Can't keep up! Is the server overloaded? Running 5400ms or 108 ticks behind
[11:58:47] [User Authenticator #2/INFO]: UUID of player Px_Fairy_jeux is e1075090-b11c-472b-96be-86c7be801b81
[11:58:47] [Server thread/INFO]: Px_Fairy_jeux[/127.0.0.1:49359] logged in with entity id 295 at ([world]122.82522560973403, 70.0, 249.98732885552218)
[11:58:56] [Server thread/INFO]: Px_Fairy_jeux issued server command: /godsword
[11:59:39] [Server thread/INFO]: Px_Fairy_jeux issued server command: /gamemode
[11:59:48] [Server thread/INFO]: Px_Fairy_jeux issued server command: /gamemode creative
[11:59:48] [Server thread/INFO]: [Px_Fairy_jeux: Set own game mode to Creative Mode]
[12:00:10] [Server thread/INFO]: Px_Fairy_jeux lost connection: Disconnected
[12:00:10] [Server thread/INFO]: Px_Fairy_jeux left the game
[12:16:52] [Server thread/INFO]: CONSOLE: [0;31;1mPlease note that this command is not supported and may cause issues when using some plugins.[m
[12:16:52] [Server thread/INFO]: CONSOLE: [0;31;1mIf you encounter any issues please use the /stop command to restart your server.[m
[12:16:52] [Server thread/INFO]: Debug logging is disabled
[12:16:52] [Server thread/INFO]: Server Ping Player Sample Count: 12
[12:16:52] [Server thread/INFO]: Using 4 threads for Netty based IO
[12:16:52] [Server thread/INFO]: -------- World Settings For [world] --------
[12:16:52] [Server thread/INFO]: Custom Map Seeds:  Village: 10387312 Desert: 14357617 Igloo: 14357618 Jungle: 14357619 Swamp: 14357620 Monument: 10387313Ocean: 14357621 Shipwreck: 165745295 Slime: 987234911
[12:16:52] [Server thread/INFO]: View Distance: 10
[12:16:52] [Server thread/INFO]: Allow Zombie Pigmen to spawn from portal blocks: true
[12:16:52] [Server thread/INFO]: Item Despawn Rate: 6000
[12:16:52] [Server thread/INFO]: Item Merge Radius: 2.5
[12:16:52] [Server thread/INFO]: Arrow Despawn Rate: 1200
[12:16:52] [Server thread/INFO]: Zombie Aggressive Towards Villager: true
[12:16:52] [Server thread/INFO]: Nerfing mobs spawned from spawners: false
[12:16:52] [Server thread/INFO]: Tile Max Tick Time: 50ms Entity max Tick Time: 50ms
[12:16:52] [Server thread/INFO]: Cactus Growth Modifier: 100%
[12:16:52] [Server thread/INFO]: Cane Growth Modifier: 100%
[12:16:52] [Server thread/INFO]: Melon Growth Modifier: 100%
[12:16:52] [Server thread/INFO]: Mushroom Growth Modifier: 100%
[12:16:52] [Server thread/INFO]: Pumpkin Growth Modifier: 100%
[12:16:52] [Server thread/INFO]: Sapling Growth Modifier: 100%
[12:16:52] [Server thread/INFO]: Beetroot Growth Modifier: 100%
[12:16:52] [Server thread/INFO]: Carrot Growth Modifier: 100%
[12:16:52] [Server thread/INFO]: Potato Growth Modifier: 100%
[12:16:52] [Server thread/INFO]: Wheat Growth Modifier: 100%
[12:16:52] [Server thread/INFO]: NetherWart Growth Modifier: 100%
[12:16:52] [Server thread/INFO]: Vine Growth Modifier: 100%
[12:16:52] [Server thread/INFO]: Cocoa Growth Modifier: 100%
[12:16:52] [Server thread/INFO]: Hopper Transfer: 8 Hopper Check: 1 Hopper Amount: 1
[12:16:52] [Server thread/INFO]: Experience Merge Radius: 3.0
[12:16:52] [Server thread/INFO]: Max TNT Explosions: 100
[12:16:52] [Server thread/INFO]: Entity Tracking Range: Pl 48 / An 48 / Mo 48 / Mi 32 / Other 64
[12:16:52] [Server thread/INFO]: Entity Activation Range: An 32 / Mo 32 / Mi 16 / Tiv true
[12:16:52] [Server thread/INFO]: Mob Spawn Range: 6
[12:16:52] [Server thread/ERROR]: Could not save spigot.yml
java.io.FileNotFoundException: spigot.yml (Le processus ne peut pas accéder au fichier car ce fichier est utilisé par un autre processus)
	at java.io.FileOutputStream.open0(Native Method) ~[?:1.8.0_261]
	at java.io.FileOutputStream.open(Unknown Source) ~[?:1.8.0_261]
	at java.io.FileOutputStream.<init>(Unknown Source) ~[?:1.8.0_261]
	at java.io.FileOutputStream.<init>(Unknown Source) ~[?:1.8.0_261]
	at org.bukkit.configuration.file.FileConfiguration.save(FileConfiguration.java:67) ~[spigot-1.14.jar:git-Spigot-4d24e36-5193f76]
	at org.spigotmc.SpigotConfig.readConfig(SpigotConfig.java:124) [spigot-1.14.jar:git-Spigot-4d24e36-5193f76]
	at org.spigotmc.SpigotWorldConfig.init(SpigotWorldConfig.java:26) [spigot-1.14.jar:git-Spigot-4d24e36-5193f76]
	at org.bukkit.craftbukkit.v1_14_R1.CraftServer.reload(CraftServer.java:768) [spigot-1.14.jar:git-Spigot-4d24e36-5193f76]
	at org.bukkit.Bukkit.reload(Bukkit.java:576) [spigot-1.14.jar:git-Spigot-4d24e36-5193f76]
	at org.bukkit.command.defaults.ReloadCommand.execute(ReloadCommand.java:27) [spigot-1.14.jar:git-Spigot-4d24e36-5193f76]
	at org.bukkit.command.SimpleCommandMap.dispatch(SimpleCommandMap.java:149) [spigot-1.14.jar:git-Spigot-4d24e36-5193f76]
	at org.bukkit.craftbukkit.v1_14_R1.CraftServer.dispatchCommand(CraftServer.java:707) [spigot-1.14.jar:git-Spigot-4d24e36-5193f76]
	at org.bukkit.craftbukkit.v1_14_R1.CraftServer.dispatchServerCommand(CraftServer.java:692) [spigot-1.14.jar:git-Spigot-4d24e36-5193f76]
	at net.minecraft.server.v1_14_R1.DedicatedServer.handleCommandQueue(DedicatedServer.java:433) [spigot-1.14.jar:git-Spigot-4d24e36-5193f76]
	at net.minecraft.server.v1_14_R1.DedicatedServer.b(DedicatedServer.java:397) [spigot-1.14.jar:git-Spigot-4d24e36-5193f76]
	at net.minecraft.server.v1_14_R1.MinecraftServer.a(MinecraftServer.java:953) [spigot-1.14.jar:git-Spigot-4d24e36-5193f76]
	at net.minecraft.server.v1_14_R1.MinecraftServer.run(MinecraftServer.java:798) [spigot-1.14.jar:git-Spigot-4d24e36-5193f76]
	at java.lang.Thread.run(Unknown Source) [?:1.8.0_261]
[12:16:52] [Server thread/INFO]: -------- World Settings For [world_nether] --------
[12:16:52] [Server thread/INFO]: Custom Map Seeds:  Village: 10387312 Desert: 14357617 Igloo: 14357618 Jungle: 14357619 Swamp: 14357620 Monument: 10387313Ocean: 14357621 Shipwreck: 165745295 Slime: 987234911
[12:16:52] [Server thread/INFO]: View Distance: 10
[12:16:52] [Server thread/INFO]: Allow Zombie Pigmen to spawn from portal blocks: true
[12:16:52] [Server thread/INFO]: Item Despawn Rate: 6000
[12:16:52] [Server thread/INFO]: Item Merge Radius: 2.5
[12:16:52] [Server thread/INFO]: Arrow Despawn Rate: 1200
[12:16:52] [Server thread/INFO]: Zombie Aggressive Towards Villager: true
[12:16:52] [Server thread/INFO]: Nerfing mobs spawned from spawners: false
[12:16:52] [Server thread/INFO]: Tile Max Tick Time: 50ms Entity max Tick Time: 50ms
[12:16:52] [Server thread/INFO]: Cactus Growth Modifier: 100%
[12:16:52] [Server thread/INFO]: Cane Growth Modifier: 100%
[12:16:52] [Server thread/INFO]: Melon Growth Modifier: 100%
[12:16:52] [Server thread/INFO]: Mushroom Growth Modifier: 100%
[12:16:52] [Server thread/INFO]: Pumpkin Growth Modifier: 100%
[12:16:52] [Server thread/INFO]: Sapling Growth Modifier: 100%
[12:16:52] [Server thread/INFO]: Beetroot Growth Modifier: 100%
[12:16:52] [Server thread/INFO]: Carrot Growth Modifier: 100%
[12:16:52] [Server thread/INFO]: Potato Growth Modifier: 100%
[12:16:52] [Server thread/INFO]: Wheat Growth Modifier: 100%
[12:16:52] [Server thread/INFO]: NetherWart Growth Modifier: 100%
[12:16:52] [Server thread/INFO]: Vine Growth Modifier: 100%
[12:16:52] [Server thread/INFO]: Cocoa Growth Modifier: 100%
[12:16:52] [Server thread/INFO]: Hopper Transfer: 8 Hopper Check: 1 Hopper Amount: 1
[12:16:52] [Server thread/INFO]: Experience Merge Radius: 3.0
[12:16:52] [Server thread/INFO]: Max TNT Explosions: 100
[12:16:52] [Server thread/INFO]: Entity Tracking Range: Pl 48 / An 48 / Mo 48 / Mi 32 / Other 64
[12:16:52] [Server thread/INFO]: Entity Activation Range: An 32 / Mo 32 / Mi 16 / Tiv true
[12:16:52] [Server thread/INFO]: Mob Spawn Range: 6
[12:16:52] [Server thread/INFO]: -------- World Settings For [world_the_end] --------
[12:16:52] [Server thread/INFO]: Custom Map Seeds:  Village: 10387312 Desert: 14357617 Igloo: 14357618 Jungle: 14357619 Swamp: 14357620 Monument: 10387313Ocean: 14357621 Shipwreck: 165745295 Slime: 987234911
[12:16:52] [Server thread/INFO]: View Distance: 10
[12:16:52] [Server thread/INFO]: Allow Zombie Pigmen to spawn from portal blocks: true
[12:16:52] [Server thread/INFO]: Item Despawn Rate: 6000
[12:16:52] [Server thread/INFO]: Item Merge Radius: 2.5
[12:16:52] [Server thread/INFO]: Arrow Despawn Rate: 1200
[12:16:52] [Server thread/INFO]: Zombie Aggressive Towards Villager: true
[12:16:52] [Server thread/INFO]: Nerfing mobs spawned from spawners: false
[12:16:52] [Server thread/INFO]: Tile Max Tick Time: 50ms Entity max Tick Time: 50ms
[12:16:52] [Server thread/INFO]: Cactus Growth Modifier: 100%
[12:16:52] [Server thread/INFO]: Cane Growth Modifier: 100%
[12:16:52] [Server thread/INFO]: Melon Growth Modifier: 100%
[12:16:52] [Server thread/INFO]: Mushroom Growth Modifier: 100%
[12:16:52] [Server thread/INFO]: Pumpkin Growth Modifier: 100%
[12:16:52] [Server thread/INFO]: Sapling Growth Modifier: 100%
[12:16:52] [Server thread/INFO]: Beetroot Growth Modifier: 100%
[12:16:52] [Server thread/INFO]: Carrot Growth Modifier: 100%
[12:16:52] [Server thread/INFO]: Potato Growth Modifier: 100%
[12:16:52] [Server thread/INFO]: Wheat Growth Modifier: 100%
[12:16:52] [Server thread/INFO]: NetherWart Growth Modifier: 100%
[12:16:52] [Server thread/INFO]: Vine Growth Modifier: 100%
[12:16:52] [Server thread/INFO]: Cocoa Growth Modifier: 100%
[12:16:52] [Server thread/INFO]: Hopper Transfer: 8 Hopper Check: 1 Hopper Amount: 1
[12:16:52] [Server thread/INFO]: Experience Merge Radius: 3.0
[12:16:52] [Server thread/INFO]: Max TNT Explosions: 100
[12:16:52] [Server thread/INFO]: Entity Tracking Range: Pl 48 / An 48 / Mo 48 / Mi 32 / Other 64
[12:16:52] [Server thread/INFO]: Entity Activation Range: An 32 / Mo 32 / Mi 16 / Tiv true
[12:16:52] [Server thread/INFO]: Mob Spawn Range: 6
[12:16:52] [Server thread/INFO]: [GodSwordPlugin] Disabling GodSwordPlugin v1.0
[12:16:52] [Server thread/INFO]: GoodBye
[12:16:54] [Server thread/INFO]: Loaded 6 recipes
[12:16:54] [Server thread/INFO]: Reloading ResourceManager: Default, bukkit
[12:16:55] [Server thread/INFO]: Loaded 6 recipes
[12:16:58] [Server thread/WARN]: Plugin GodSwordPlugin v1.0 does not specify an api-version.
[12:16:58] [Server thread/INFO]: [GodSwordPlugin] Loading GodSwordPlugin v1.0
[12:16:58] [Server thread/INFO]: [GodSwordPlugin] Enabling GodSwordPlugin v1.0
[12:16:58] [Server thread/INFO]: Thank for download GodSword plugin
[12:16:58] [Server thread/INFO]: Server permissions file permissions.yml is empty, ignoring it
[12:16:58] [Server thread/INFO]: CONSOLE: [0;32;1mReload complete.[m
[12:16:58] [Server thread/WARN]: Can't keep up! Is the server overloaded? Running 5374ms or 107 ticks behind
[12:17:12] [User Authenticator #3/INFO]: UUID of player Px_Fairy_jeux is e1075090-b11c-472b-96be-86c7be801b81
[12:17:12] [Server thread/INFO]: Px_Fairy_jeux[/127.0.0.1:49431] logged in with entity id 932 at ([world]144.61240913191824, 76.0, 224.6999999880791)
[12:17:22] [Server thread/INFO]: Px_Fairy_jeux issued server command: /godsword
[12:19:06] [Server thread/INFO]: Unknown command. Type "/help" for help.[m
[12:19:13] [Server thread/INFO]: Px_Fairy_jeux lost connection: Disconnected
[12:19:13] [Server thread/INFO]: Px_Fairy_jeux left the game
[12:19:14] [Server thread/INFO]: CONSOLE: [0;31;1mPlease note that this command is not supported and may cause issues when using some plugins.[m
[12:19:14] [Server thread/INFO]: CONSOLE: [0;31;1mIf you encounter any issues please use the /stop command to restart your server.[m
[12:19:14] [Server thread/INFO]: Debug logging is disabled
[12:19:14] [Server thread/INFO]: Server Ping Player Sample Count: 12
[12:19:14] [Server thread/INFO]: Using 4 threads for Netty based IO
[12:19:14] [Server thread/INFO]: -------- World Settings For [world] --------
[12:19:14] [Server thread/INFO]: Custom Map Seeds:  Village: 10387312 Desert: 14357617 Igloo: 14357618 Jungle: 14357619 Swamp: 14357620 Monument: 10387313Ocean: 14357621 Shipwreck: 165745295 Slime: 987234911
[12:19:14] [Server thread/INFO]: View Distance: 10
[12:19:14] [Server thread/INFO]: Allow Zombie Pigmen to spawn from portal blocks: true
[12:19:14] [Server thread/INFO]: Item Despawn Rate: 6000
[12:19:14] [Server thread/INFO]: Item Merge Radius: 2.5
[12:19:14] [Server thread/INFO]: Arrow Despawn Rate: 1200
[12:19:14] [Server thread/INFO]: Zombie Aggressive Towards Villager: true
[12:19:14] [Server thread/INFO]: Nerfing mobs spawned from spawners: false
[12:19:14] [Server thread/INFO]: Tile Max Tick Time: 50ms Entity max Tick Time: 50ms
[12:19:14] [Server thread/INFO]: Cactus Growth Modifier: 100%
[12:19:14] [Server thread/INFO]: Cane Growth Modifier: 100%
[12:19:14] [Server thread/INFO]: Melon Growth Modifier: 100%
[12:19:14] [Server thread/INFO]: Mushroom Growth Modifier: 100%
[12:19:14] [Server thread/INFO]: Pumpkin Growth Modifier: 100%
[12:19:14] [Server thread/INFO]: Sapling Growth Modifier: 100%
[12:19:14] [Server thread/INFO]: Beetroot Growth Modifier: 100%
[12:19:14] [Server thread/INFO]: Carrot Growth Modifier: 100%
[12:19:14] [Server thread/INFO]: Potato Growth Modifier: 100%
[12:19:14] [Server thread/INFO]: Wheat Growth Modifier: 100%
[12:19:14] [Server thread/INFO]: NetherWart Growth Modifier: 100%
[12:19:14] [Server thread/INFO]: Vine Growth Modifier: 100%
[12:19:14] [Server thread/INFO]: Cocoa Growth Modifier: 100%
[12:19:14] [Server thread/INFO]: Hopper Transfer: 8 Hopper Check: 1 Hopper Amount: 1
[12:19:14] [Server thread/INFO]: Experience Merge Radius: 3.0
[12:19:14] [Server thread/INFO]: Max TNT Explosions: 100
[12:19:14] [Server thread/INFO]: Entity Tracking Range: Pl 48 / An 48 / Mo 48 / Mi 32 / Other 64
[12:19:14] [Server thread/INFO]: Entity Activation Range: An 32 / Mo 32 / Mi 16 / Tiv true
[12:19:14] [Server thread/INFO]: Mob Spawn Range: 6
[12:19:14] [Server thread/INFO]: -------- World Settings For [world_nether] --------
[12:19:14] [Server thread/INFO]: Custom Map Seeds:  Village: 10387312 Desert: 14357617 Igloo: 14357618 Jungle: 14357619 Swamp: 14357620 Monument: 10387313Ocean: 14357621 Shipwreck: 165745295 Slime: 987234911
[12:19:14] [Server thread/INFO]: View Distance: 10
[12:19:14] [Server thread/INFO]: Allow Zombie Pigmen to spawn from portal blocks: true
[12:19:14] [Server thread/INFO]: Item Despawn Rate: 6000
[12:19:14] [Server thread/INFO]: Item Merge Radius: 2.5
[12:19:14] [Server thread/INFO]: Arrow Despawn Rate: 1200
[12:19:14] [Server thread/INFO]: Zombie Aggressive Towards Villager: true
[12:19:14] [Server thread/INFO]: Nerfing mobs spawned from spawners: false
[12:19:14] [Server thread/INFO]: Tile Max Tick Time: 50ms Entity max Tick Time: 50ms
[12:19:14] [Server thread/INFO]: Cactus Growth Modifier: 100%
[12:19:14] [Server thread/INFO]: Cane Growth Modifier: 100%
[12:19:14] [Server thread/INFO]: Melon Growth Modifier: 100%
[12:19:14] [Server thread/INFO]: Mushroom Growth Modifier: 100%
[12:19:14] [Server thread/INFO]: Pumpkin Growth Modifier: 100%
[12:19:14] [Server thread/INFO]: Sapling Growth Modifier: 100%
[12:19:14] [Server thread/INFO]: Beetroot Growth Modifier: 100%
[12:19:14] [Server thread/INFO]: Carrot Growth Modifier: 100%
[12:19:14] [Server thread/INFO]: Potato Growth Modifier: 100%
[12:19:14] [Server thread/INFO]: Wheat Growth Modifier: 100%
[12:19:14] [Server thread/INFO]: NetherWart Growth Modifier: 100%
[12:19:14] [Server thread/INFO]: Vine Growth Modifier: 100%
[12:19:14] [Server thread/INFO]: Cocoa Growth Modifier: 100%
[12:19:14] [Server thread/INFO]: Hopper Transfer: 8 Hopper Check: 1 Hopper Amount: 1
[12:19:14] [Server thread/INFO]: Experience Merge Radius: 3.0
[12:19:14] [Server thread/INFO]: Max TNT Explosions: 100
[12:19:14] [Server thread/INFO]: Entity Tracking Range: Pl 48 / An 48 / Mo 48 / Mi 32 / Other 64
[12:19:14] [Server thread/INFO]: Entity Activation Range: An 32 / Mo 32 / Mi 16 / Tiv true
[12:19:14] [Server thread/INFO]: Mob Spawn Range: 6
[12:19:14] [Server thread/INFO]: -------- World Settings For [world_the_end] --------
[12:19:14] [Server thread/INFO]: Custom Map Seeds:  Village: 10387312 Desert: 14357617 Igloo: 14357618 Jungle: 14357619 Swamp: 14357620 Monument: 10387313Ocean: 14357621 Shipwreck: 165745295 Slime: 987234911
[12:19:14] [Server thread/INFO]: View Distance: 10
[12:19:14] [Server thread/INFO]: Allow Zombie Pigmen to spawn from portal blocks: true
[12:19:14] [Server thread/INFO]: Item Despawn Rate: 6000
[12:19:14] [Server thread/INFO]: Item Merge Radius: 2.5
[12:19:14] [Server thread/INFO]: Arrow Despawn Rate: 1200
[12:19:14] [Server thread/INFO]: Zombie Aggressive Towards Villager: true
[12:19:14] [Server thread/INFO]: Nerfing mobs spawned from spawners: false
[12:19:14] [Server thread/INFO]: Tile Max Tick Time: 50ms Entity max Tick Time: 50ms
[12:19:14] [Server thread/INFO]: Cactus Growth Modifier: 100%
[12:19:14] [Server thread/INFO]: Cane Growth Modifier: 100%
[12:19:14] [Server thread/INFO]: Melon Growth Modifier: 100%
[12:19:14] [Server thread/INFO]: Mushroom Growth Modifier: 100%
[12:19:14] [Server thread/INFO]: Pumpkin Growth Modifier: 100%
[12:19:14] [Server thread/INFO]: Sapling Growth Modifier: 100%
[12:19:14] [Server thread/INFO]: Beetroot Growth Modifier: 100%
[12:19:14] [Server thread/INFO]: Carrot Growth Modifier: 100%
[12:19:14] [Server thread/INFO]: Potato Growth Modifier: 100%
[12:19:14] [Server thread/INFO]: Wheat Growth Modifier: 100%
[12:19:14] [Server thread/INFO]: NetherWart Growth Modifier: 100%
[12:19:14] [Server thread/INFO]: Vine Growth Modifier: 100%
[12:19:14] [Server thread/INFO]: Cocoa Growth Modifier: 100%
[12:19:14] [Server thread/INFO]: Hopper Transfer: 8 Hopper Check: 1 Hopper Amount: 1
[12:19:14] [Server thread/INFO]: Experience Merge Radius: 3.0
[12:19:14] [Server thread/INFO]: Max TNT Explosions: 100
[12:19:14] [Server thread/INFO]: Entity Tracking Range: Pl 48 / An 48 / Mo 48 / Mi 32 / Other 64
[12:19:14] [Server thread/INFO]: Entity Activation Range: An 32 / Mo 32 / Mi 16 / Tiv true
[12:19:14] [Server thread/INFO]: Mob Spawn Range: 6
[12:19:14] [Server thread/INFO]: [GodSwordPlugin] Disabling GodSwordPlugin v1.0
[12:19:14] [Server thread/INFO]: GoodBye
[12:19:16] [Server thread/INFO]: Loaded 6 recipes
[12:19:16] [Server thread/INFO]: Reloading ResourceManager: Default, bukkit
[12:19:17] [Server thread/INFO]: Loaded 6 recipes
[12:19:20] [Server thread/WARN]: Plugin GodSwordPlugin v1.0 does not specify an api-version.
[12:19:20] [Server thread/INFO]: [GodSwordPlugin] Loading GodSwordPlugin v1.0
[12:19:20] [Server thread/INFO]: [GodSwordPlugin] Enabling GodSwordPlugin v1.0
[12:19:20] [Server thread/INFO]: Thank for download GodSword plugin
[12:19:20] [Server thread/INFO]: Server permissions file permissions.yml is empty, ignoring it
[12:19:20] [Server thread/INFO]: CONSOLE: [0;32;1mReload complete.[m
[12:19:20] [Server thread/WARN]: Can't keep up! Is the server overloaded? Running 5342ms or 106 ticks behind
[12:19:33] [User Authenticator #4/INFO]: UUID of player Px_Fairy_jeux is e1075090-b11c-472b-96be-86c7be801b81
[12:19:33] [Server thread/INFO]: Px_Fairy_jeux[/127.0.0.1:49451] logged in with entity id 1557 at ([world]142.7139898325663, 69.0, 231.111939900916)
[12:19:42] [Server thread/INFO]: Px_Fairy_jeux issued server command: /godsword
[12:32:21] [Server thread/INFO]: CONSOLE: [0;31;1mPlease note that this command is not supported and may cause issues when using some plugins.[m
[12:32:21] [Server thread/INFO]: CONSOLE: [0;31;1mIf you encounter any issues please use the /stop command to restart your server.[m
[12:32:21] [Server thread/INFO]: Debug logging is disabled
[12:32:21] [Server thread/INFO]: Server Ping Player Sample Count: 12
[12:32:21] [Server thread/INFO]: Using 4 threads for Netty based IO
[12:32:21] [Server thread/INFO]: -------- World Settings For [world] --------
[12:32:21] [Server thread/INFO]: Custom Map Seeds:  Village: 10387312 Desert: 14357617 Igloo: 14357618 Jungle: 14357619 Swamp: 14357620 Monument: 10387313Ocean: 14357621 Shipwreck: 165745295 Slime: 987234911
[12:32:21] [Server thread/INFO]: View Distance: 10
[12:32:21] [Server thread/INFO]: Allow Zombie Pigmen to spawn from portal blocks: true
[12:32:21] [Server thread/INFO]: Item Despawn Rate: 6000
[12:32:21] [Server thread/INFO]: Item Merge Radius: 2.5
[12:32:21] [Server thread/INFO]: Arrow Despawn Rate: 1200
[12:32:21] [Server thread/INFO]: Zombie Aggressive Towards Villager: true
[12:32:21] [Server thread/INFO]: Nerfing mobs spawned from spawners: false
[12:32:21] [Server thread/INFO]: Tile Max Tick Time: 50ms Entity max Tick Time: 50ms
[12:32:21] [Server thread/INFO]: Cactus Growth Modifier: 100%
[12:32:21] [Server thread/INFO]: Cane Growth Modifier: 100%
[12:32:21] [Server thread/INFO]: Melon Growth Modifier: 100%
[12:32:21] [Server thread/INFO]: Mushroom Growth Modifier: 100%
[12:32:21] [Server thread/INFO]: Pumpkin Growth Modifier: 100%
[12:32:21] [Server thread/INFO]: Sapling Growth Modifier: 100%
[12:32:21] [Server thread/INFO]: Beetroot Growth Modifier: 100%
[12:32:21] [Server thread/INFO]: Carrot Growth Modifier: 100%
[12:32:21] [Server thread/INFO]: Potato Growth Modifier: 100%
[12:32:21] [Server thread/INFO]: Wheat Growth Modifier: 100%
[12:32:21] [Server thread/INFO]: NetherWart Growth Modifier: 100%
[12:32:21] [Server thread/INFO]: Vine Growth Modifier: 100%
[12:32:21] [Server thread/INFO]: Cocoa Growth Modifier: 100%
[12:32:21] [Server thread/INFO]: Hopper Transfer: 8 Hopper Check: 1 Hopper Amount: 1
[12:32:21] [Server thread/INFO]: Experience Merge Radius: 3.0
[12:32:21] [Server thread/INFO]: Max TNT Explosions: 100
[12:32:21] [Server thread/INFO]: Entity Tracking Range: Pl 48 / An 48 / Mo 48 / Mi 32 / Other 64
[12:32:21] [Server thread/INFO]: Entity Activation Range: An 32 / Mo 32 / Mi 16 / Tiv true
[12:32:21] [Server thread/INFO]: Mob Spawn Range: 6
[12:32:21] [Server thread/INFO]: -------- World Settings For [world_nether] --------
[12:32:21] [Server thread/INFO]: Custom Map Seeds:  Village: 10387312 Desert: 14357617 Igloo: 14357618 Jungle: 14357619 Swamp: 14357620 Monument: 10387313Ocean: 14357621 Shipwreck: 165745295 Slime: 987234911
[12:32:21] [Server thread/INFO]: View Distance: 10
[12:32:21] [Server thread/INFO]: Allow Zombie Pigmen to spawn from portal blocks: true
[12:32:21] [Server thread/INFO]: Item Despawn Rate: 6000
[12:32:21] [Server thread/INFO]: Item Merge Radius: 2.5
[12:32:21] [Server thread/INFO]: Arrow Despawn Rate: 1200
[12:32:21] [Server thread/INFO]: Zombie Aggressive Towards Villager: true
[12:32:21] [Server thread/INFO]: Nerfing mobs spawned from spawners: false
[12:32:21] [Server thread/INFO]: Tile Max Tick Time: 50ms Entity max Tick Time: 50ms
[12:32:21] [Server thread/INFO]: Cactus Growth Modifier: 100%
[12:32:21] [Server thread/INFO]: Cane Growth Modifier: 100%
[12:32:21] [Server thread/INFO]: Melon Growth Modifier: 100%
[12:32:21] [Server thread/INFO]: Mushroom Growth Modifier: 100%
[12:32:21] [Server thread/INFO]: Pumpkin Growth Modifier: 100%
[12:32:21] [Server thread/INFO]: Sapling Growth Modifier: 100%
[12:32:21] [Server thread/INFO]: Beetroot Growth Modifier: 100%
[12:32:21] [Server thread/INFO]: Carrot Growth Modifier: 100%
[12:32:21] [Server thread/INFO]: Potato Growth Modifier: 100%
[12:32:21] [Server thread/INFO]: Wheat Growth Modifier: 100%
[12:32:21] [Server thread/INFO]: NetherWart Growth Modifier: 100%
[12:32:21] [Server thread/INFO]: Vine Growth Modifier: 100%
[12:32:21] [Server thread/INFO]: Cocoa Growth Modifier: 100%
[12:32:21] [Server thread/INFO]: Hopper Transfer: 8 Hopper Check: 1 Hopper Amount: 1
[12:32:21] [Server thread/INFO]: Experience Merge Radius: 3.0
[12:32:21] [Server thread/INFO]: Max TNT Explosions: 100
[12:32:21] [Server thread/INFO]: Entity Tracking Range: Pl 48 / An 48 / Mo 48 / Mi 32 / Other 64
[12:32:21] [Server thread/INFO]: Entity Activation Range: An 32 / Mo 32 / Mi 16 / Tiv true
[12:32:21] [Server thread/INFO]: Mob Spawn Range: 6
[12:32:21] [Server thread/INFO]: -------- World Settings For [world_the_end] --------
[12:32:21] [Server thread/INFO]: Custom Map Seeds:  Village: 10387312 Desert: 14357617 Igloo: 14357618 Jungle: 14357619 Swamp: 14357620 Monument: 10387313Ocean: 14357621 Shipwreck: 165745295 Slime: 987234911
[12:32:21] [Server thread/INFO]: View Distance: 10
[12:32:21] [Server thread/INFO]: Allow Zombie Pigmen to spawn from portal blocks: true
[12:32:21] [Server thread/INFO]: Item Despawn Rate: 6000
[12:32:21] [Server thread/INFO]: Item Merge Radius: 2.5
[12:32:21] [Server thread/INFO]: Arrow Despawn Rate: 1200
[12:32:21] [Server thread/INFO]: Zombie Aggressive Towards Villager: true
[12:32:21] [Server thread/INFO]: Nerfing mobs spawned from spawners: false
[12:32:21] [Server thread/INFO]: Tile Max Tick Time: 50ms Entity max Tick Time: 50ms
[12:32:21] [Server thread/INFO]: Cactus Growth Modifier: 100%
[12:32:21] [Server thread/INFO]: Cane Growth Modifier: 100%
[12:32:21] [Server thread/INFO]: Melon Growth Modifier: 100%
[12:32:21] [Server thread/INFO]: Mushroom Growth Modifier: 100%
[12:32:21] [Server thread/INFO]: Pumpkin Growth Modifier: 100%
[12:32:21] [Server thread/INFO]: Sapling Growth Modifier: 100%
[12:32:21] [Server thread/INFO]: Beetroot Growth Modifier: 100%
[12:32:21] [Server thread/INFO]: Carrot Growth Modifier: 100%
[12:32:21] [Server thread/INFO]: Potato Growth Modifier: 100%
[12:32:21] [Server thread/INFO]: Wheat Growth Modifier: 100%
[12:32:21] [Server thread/INFO]: NetherWart Growth Modifier: 100%
[12:32:21] [Server thread/INFO]: Vine Growth Modifier: 100%
[12:32:21] [Server thread/INFO]: Cocoa Growth Modifier: 100%
[12:32:21] [Server thread/INFO]: Hopper Transfer: 8 Hopper Check: 1 Hopper Amount: 1
[12:32:21] [Server thread/INFO]: Experience Merge Radius: 3.0
[12:32:21] [Server thread/INFO]: Max TNT Explosions: 100
[12:32:21] [Server thread/INFO]: Entity Tracking Range: Pl 48 / An 48 / Mo 48 / Mi 32 / Other 64
[12:32:21] [Server thread/INFO]: Entity Activation Range: An 32 / Mo 32 / Mi 16 / Tiv true
[12:32:21] [Server thread/INFO]: Mob Spawn Range: 6
[12:32:21] [Server thread/INFO]: [GodSwordPlugin] Disabling GodSwordPlugin v1.0
[12:32:21] [Server thread/INFO]: GoodBye
[12:32:22] [Server thread/INFO]: Loaded 6 recipes
[12:32:22] [Server thread/INFO]: Reloading ResourceManager: Default, bukkit
[12:32:24] [Server thread/INFO]: Loaded 6 recipes
[12:32:26] [Server thread/WARN]: Plugin GodSwordPlugin v1.0 does not specify an api-version.
[12:32:26] [Server thread/INFO]: [GodSwordPlugin] Loading GodSwordPlugin v1.0
[12:32:26] [Server thread/INFO]: [GodSwordPlugin] Enabling GodSwordPlugin v1.0
[12:32:26] [Server thread/INFO]: Thank for download GodSword plugin
[12:32:26] [Server thread/INFO]: Server permissions file permissions.yml is empty, ignoring it
[12:32:26] [Server thread/INFO]: CONSOLE: [0;32;1mReload complete.[m
[12:32:26] [Server thread/WARN]: Can't keep up! Is the server overloaded? Running 5626ms or 112 ticks behind
[12:32:43] [Server thread/INFO]: Px_Fairy_jeux issued server command: /godsword
[12:33:38] [Server thread/INFO]: Px_Fairy_jeux lost connection: Disconnected
[12:33:38] [Server thread/INFO]: Px_Fairy_jeux left the game
