[00:26:53] [Server thread/INFO]: Starting minecraft server version 1.14.4
[00:26:53] [Server thread/INFO]: Loading properties
[00:26:53] [Server thread/INFO]: This server is running Paper version git-Paper-243 (MC: 1.14.4) (Implementing API version 1.14.4-R0.1-SNAPSHOT)
[00:26:54] [Server thread/INFO]: Debug logging is disabled
[00:26:54] [Server thread/INFO]: Server Ping Player Sample Count: 12
[00:26:54] [Server thread/INFO]: Using 4 threads for Netty based IO
[00:26:54] [Server thread/INFO]: Default game type: SURVIVAL
[00:26:54] [Server thread/INFO]: Generating keypair
[00:26:54] [Server thread/INFO]: Starting Minecraft server on *:25565
[00:26:54] [Server thread/INFO]: Using default channel type
[00:26:57] [Server thread/WARN]: Plugin HelloWorld v1.0 does not specify an api-version.
[00:26:58] [Server thread/WARN]: Plugin Launcher v1.1 does not specify an api-version.
[00:26:58] [Server thread/INFO]: [GodBoots] Loading GodBoots v1.6.1
[00:26:58] [Server thread/INFO]: [Essentials] Loading Essentials v2.18.0.0
[00:26:58] [Server thread/INFO]: [EssentialsProtect] Loading EssentialsProtect v2.18.0.0
[00:26:58] [Server thread/INFO]: [EssentialsChat] Loading EssentialsChat v2.18.0.0
[00:26:58] [Server thread/INFO]: [HelloWorld] Loading HelloWorld v1.0
[00:26:58] [Server thread/INFO]: [EssentialsAntiBuild] Loading EssentialsAntiBuild v2.18.0.0
[00:26:58] [Server thread/INFO]: [PlugMan] Loading PlugMan v2.1.7
[00:26:58] [Server thread/INFO]: [GodArmor] Loading GodArmor v1.0
[00:26:58] [Server thread/INFO]: [ViaVersion] Loading ViaVersion v3.0.1
[00:26:58] [Server thread/INFO]: [ViaVersion] ViaVersion 3.0.1 is now loaded, injecting!
[00:26:58] [pool-6-thread-1/INFO]: [ViaVersion] Loading 1.12.2 -> 1.13 mappings...
[00:26:58] [pool-6-thread-2/INFO]: [ViaVersion] Loading 1.13.2 -> 1.14 mappings...
[00:26:59] [pool-6-thread-3/INFO]: [ViaVersion] Loading 1.14.4 -> 1.15 mappings...
[00:26:59] [Server thread/INFO]: [Launcher] Loading Launcher v1.1
[00:26:59] [Server thread/INFO]: [EssentialsSpawn] Loading EssentialsSpawn v2.18.0.0
[00:26:59] [Server thread/INFO]: [ViaBackwards] Loading ViaBackwards v3.0.1
[00:26:59] [Server thread/INFO]: [ViaRewind] Loading ViaRewind v1.5.0
[00:26:59] [Server thread/INFO]: Server permissions file permissions.yml is empty, ignoring it
[00:26:59] [Server thread/INFO]: [ViaBackwards] Enabling ViaBackwards v3.0.1
[00:26:59] [Server thread/INFO]: [ViaBackwards] Loading translations...
[00:26:59] [pool-6-thread-4/INFO]: [ViaVersion] Loading 1.15 -> 1.16 mappings...
[00:26:59] [Server thread/INFO]: [ViaBackwards] Registering protocols...
[00:26:59] [Server thread/INFO]: [ViaRewind] Enabling ViaRewind v1.5.0
[00:26:59] [pool-6-thread-1/INFO]: [ViaVersion] Loading block connection mappings ...
[00:26:59] [Server thread/WARN]: **** SERVER IS RUNNING IN OFFLINE/INSECURE MODE!
[00:26:59] [Server thread/WARN]: The server will make no attempt to authenticate usernames. Beware.
[00:26:59] [Server thread/WARN]: While this makes the game possible to play without internet access, it also opens up the ability for hackers to connect with any username they choose.
[00:26:59] [Server thread/WARN]: To change this, set "online-mode" to "true" in the server.properties file.
[00:26:59] [Server thread/INFO]: Preparing level "world"
[00:27:00] [Server thread/INFO]: Reloading ResourceManager: Default, bukkit
[00:27:00] [pool-6-thread-5/INFO]: [ViaBackwards] Loading 1.13 -> 1.12.2 mappings...
[00:27:00] [pool-6-thread-5/INFO]: [ViaBackwards] Loading 1.14 -> 1.13.2 mappings...
[00:27:00] [Server thread/INFO]: Loaded 6 recipes
[00:27:01] [pool-6-thread-2/INFO]: [ViaBackwards] Loading 1.15 -> 1.14.4 mappings...
[00:27:01] [Server thread/INFO]: -------- World Settings For [world] --------
[00:27:01] [Server thread/INFO]: View Distance: 10
[00:27:01] [Server thread/INFO]: Item Merge Radius: 2.5
[00:27:01] [Server thread/INFO]: Item Despawn Rate: 6000
[00:27:01] [Server thread/INFO]: Allow Zombie Pigmen to spawn from portal blocks: true
[00:27:01] [Server thread/INFO]: Arrow Despawn Rate: 1200
[00:27:01] [Server thread/INFO]: Custom Map Seeds:  Village: 10387312 Desert: 14357617 Igloo: 14357618 Jungle: 14357619 Swamp: 14357620 Monument: 10387313Ocean: 14357621 Shipwreck: 165745295 Slime: 987234911
[00:27:01] [Server thread/INFO]: Zombie Aggressive Towards Villager: true
[00:27:01] [Server thread/INFO]: Nerfing mobs spawned from spawners: false
[00:27:01] [Server thread/INFO]: Cactus Growth Modifier: 100%
[00:27:01] [Server thread/INFO]: Cane Growth Modifier: 100%
[00:27:01] [Server thread/INFO]: Melon Growth Modifier: 100%
[00:27:01] [Server thread/INFO]: Mushroom Growth Modifier: 100%
[00:27:01] [Server thread/INFO]: Pumpkin Growth Modifier: 100%
[00:27:01] [Server thread/INFO]: Sapling Growth Modifier: 100%
[00:27:01] [Server thread/INFO]: Beetroot Growth Modifier: 100%
[00:27:01] [Server thread/INFO]: Carrot Growth Modifier: 100%
[00:27:01] [Server thread/INFO]: Potato Growth Modifier: 100%
[00:27:01] [Server thread/INFO]: Wheat Growth Modifier: 100%
[00:27:01] [Server thread/INFO]: NetherWart Growth Modifier: 100%
[00:27:01] [Server thread/INFO]: Vine Growth Modifier: 100%
[00:27:01] [Server thread/INFO]: Cocoa Growth Modifier: 100%
[00:27:01] [Server thread/INFO]: Bamboo Growth Modifier: 100%
[00:27:01] [Server thread/INFO]: SweetBerry Growth Modifier: 100%
[00:27:01] [Server thread/INFO]: Kelp Growth Modifier: 100%
[00:27:01] [Server thread/INFO]: Entity Activation Range: An 32 / Mo 32 / Ra 48 / Mi 16 / Tiv true
[00:27:01] [Server thread/INFO]: Mob Spawn Range: 8
[00:27:01] [Server thread/INFO]: Hopper Transfer: 8 Hopper Check: 1 Hopper Amount: 1
[00:27:01] [Server thread/INFO]: Experience Merge Radius: 3.0
[00:27:01] [Server thread/INFO]: Entity Tracking Range: Pl 48 / An 48 / Mo 48 / Mi 32 / Other 64
[00:27:01] [Server thread/INFO]: Tile Max Tick Time: 50ms Entity max Tick Time: 50ms
[00:27:01] [Server thread/INFO]: Max TNT Explosions: 100
[00:27:01] [Server thread/INFO]: -------- World Settings For [world_nether] --------
[00:27:01] [Server thread/INFO]: View Distance: 10
[00:27:01] [Server thread/INFO]: Item Merge Radius: 2.5
[00:27:01] [Server thread/INFO]: Item Despawn Rate: 6000
[00:27:01] [Server thread/INFO]: Allow Zombie Pigmen to spawn from portal blocks: true
[00:27:01] [Server thread/INFO]: Arrow Despawn Rate: 1200
[00:27:01] [Server thread/INFO]: Custom Map Seeds:  Village: 10387312 Desert: 14357617 Igloo: 14357618 Jungle: 14357619 Swamp: 14357620 Monument: 10387313Ocean: 14357621 Shipwreck: 165745295 Slime: 987234911
[00:27:01] [Server thread/INFO]: Zombie Aggressive Towards Villager: true
[00:27:01] [Server thread/INFO]: Nerfing mobs spawned from spawners: false
[00:27:01] [Server thread/INFO]: Cactus Growth Modifier: 100%
[00:27:01] [Server thread/INFO]: Cane Growth Modifier: 100%
[00:27:01] [Server thread/INFO]: Melon Growth Modifier: 100%
[00:27:01] [Server thread/INFO]: Mushroom Growth Modifier: 100%
[00:27:01] [Server thread/INFO]: Pumpkin Growth Modifier: 100%
[00:27:01] [Server thread/INFO]: Sapling Growth Modifier: 100%
[00:27:01] [Server thread/INFO]: Beetroot Growth Modifier: 100%
[00:27:01] [Server thread/INFO]: Carrot Growth Modifier: 100%
[00:27:01] [Server thread/INFO]: Potato Growth Modifier: 100%
[00:27:01] [Server thread/INFO]: Wheat Growth Modifier: 100%
[00:27:01] [Server thread/INFO]: NetherWart Growth Modifier: 100%
[00:27:01] [Server thread/INFO]: Vine Growth Modifier: 100%
[00:27:01] [Server thread/INFO]: Cocoa Growth Modifier: 100%
[00:27:01] [Server thread/INFO]: Bamboo Growth Modifier: 100%
[00:27:01] [Server thread/INFO]: SweetBerry Growth Modifier: 100%
[00:27:01] [Server thread/INFO]: Kelp Growth Modifier: 100%
[00:27:01] [Server thread/INFO]: Entity Activation Range: An 32 / Mo 32 / Ra 48 / Mi 16 / Tiv true
[00:27:01] [Server thread/INFO]: Mob Spawn Range: 8
[00:27:01] [Server thread/INFO]: Hopper Transfer: 8 Hopper Check: 1 Hopper Amount: 1
[00:27:01] [Server thread/INFO]: Experience Merge Radius: 3.0
[00:27:01] [Server thread/INFO]: Entity Tracking Range: Pl 48 / An 48 / Mo 48 / Mi 32 / Other 64
[00:27:01] [Server thread/INFO]: Tile Max Tick Time: 50ms Entity max Tick Time: 50ms
[00:27:01] [Server thread/INFO]: Max TNT Explosions: 100
[00:27:01] [Server thread/INFO]: -------- World Settings For [world_the_end] --------
[00:27:01] [Server thread/INFO]: View Distance: 10
[00:27:01] [Server thread/INFO]: Item Merge Radius: 2.5
[00:27:01] [Server thread/INFO]: Item Despawn Rate: 6000
[00:27:01] [Server thread/INFO]: Allow Zombie Pigmen to spawn from portal blocks: true
[00:27:01] [Server thread/INFO]: Arrow Despawn Rate: 1200
[00:27:01] [Server thread/INFO]: Custom Map Seeds:  Village: 10387312 Desert: 14357617 Igloo: 14357618 Jungle: 14357619 Swamp: 14357620 Monument: 10387313Ocean: 14357621 Shipwreck: 165745295 Slime: 987234911
[00:27:01] [Server thread/INFO]: Zombie Aggressive Towards Villager: true
[00:27:01] [Server thread/INFO]: Nerfing mobs spawned from spawners: false
[00:27:01] [Server thread/INFO]: Cactus Growth Modifier: 100%
[00:27:01] [Server thread/INFO]: Cane Growth Modifier: 100%
[00:27:01] [Server thread/INFO]: Melon Growth Modifier: 100%
[00:27:01] [Server thread/INFO]: Mushroom Growth Modifier: 100%
[00:27:01] [Server thread/INFO]: Pumpkin Growth Modifier: 100%
[00:27:01] [Server thread/INFO]: Sapling Growth Modifier: 100%
[00:27:01] [Server thread/INFO]: Beetroot Growth Modifier: 100%
[00:27:01] [Server thread/INFO]: Carrot Growth Modifier: 100%
[00:27:01] [Server thread/INFO]: Potato Growth Modifier: 100%
[00:27:01] [Server thread/INFO]: Wheat Growth Modifier: 100%
[00:27:01] [Server thread/INFO]: NetherWart Growth Modifier: 100%
[00:27:01] [Server thread/INFO]: Vine Growth Modifier: 100%
[00:27:01] [Server thread/INFO]: Cocoa Growth Modifier: 100%
[00:27:01] [Server thread/INFO]: Bamboo Growth Modifier: 100%
[00:27:01] [Server thread/INFO]: SweetBerry Growth Modifier: 100%
[00:27:01] [Server thread/INFO]: Kelp Growth Modifier: 100%
[00:27:01] [Server thread/INFO]: Entity Activation Range: An 32 / Mo 32 / Ra 48 / Mi 16 / Tiv true
[00:27:01] [Server thread/INFO]: Mob Spawn Range: 8
[00:27:01] [Server thread/INFO]: Hopper Transfer: 8 Hopper Check: 1 Hopper Amount: 1
[00:27:01] [Server thread/INFO]: Experience Merge Radius: 3.0
[00:27:01] [Server thread/INFO]: Entity Tracking Range: Pl 48 / An 48 / Mo 48 / Mi 32 / Other 64
[00:27:01] [Server thread/INFO]: Tile Max Tick Time: 50ms Entity max Tick Time: 50ms
[00:27:01] [Server thread/INFO]: Max TNT Explosions: 100
[00:27:01] [Server thread/INFO]: Preparing start region for dimension 'world'/minecraft:overworld
[00:27:01] [Server thread/INFO]: Preparing spawn area: 0%
[00:27:01] [pool-6-thread-3/INFO]: [ViaBackwards] Loading 1.16 -> 1.15.2 mappings...
[00:27:02] [Server thread/INFO]: Preparing spawn area: 11%
[00:27:02] [Server thread/INFO]: Preparing spawn area: 100%
[00:27:04] [Server-Worker-4/INFO]: Preparing spawn area: 100%
[00:27:04] [Server thread/INFO]: Preparing spawn area: 100%
[00:27:04] [Server thread/INFO]: Preparing spawn area: 100%
[00:27:04] [Server-Worker-1/INFO]: Preparing spawn area: 100%
[00:27:05] [Server thread/INFO]: Preparing spawn area: 100%
[00:27:05] [Server thread/INFO]: Loaded 441 spawn chunks for world world
[00:27:05] [Server thread/INFO]: Time elapsed: 3704 ms
[00:27:05] [Server thread/INFO]: Preparing start region for dimension 'world_nether'/minecraft:the_nether
[00:27:05] [Server thread/INFO]: Preparing spawn area: 0%
[00:27:05] [Server-Worker-5/INFO]: Preparing spawn area: 100%
[00:27:06] [Server-Worker-2/INFO]: Preparing spawn area: 100%
[00:27:06] [Server thread/INFO]: Preparing spawn area: 100%
[00:27:07] [Server thread/INFO]: Loaded 441 spawn chunks for world world_nether
[00:27:07] [Server thread/INFO]: Time elapsed: 1662 ms
[00:27:07] [Server thread/INFO]: Preparing start region for dimension 'world_the_end'/minecraft:the_end
[00:27:07] [Server thread/INFO]: Preparing spawn area: 0%
[00:27:07] [Server-Worker-4/INFO]: Preparing spawn area: 100%
[00:27:07] [Server thread/INFO]: Loaded 441 spawn chunks for world world_the_end
[00:27:08] [Server thread/INFO]: Time elapsed: 1050 ms
[00:27:08] [Server thread/INFO]: [GodBoots] Enabling GodBoots v1.6.1
[00:27:08] [Server thread/INFO]: [Essentials] Enabling Essentials v2.18.0.0
[00:27:08] [Server thread/INFO]: [Essentials] Attempting to convert old kits in config.yml to new kits.yml
[00:27:08] [Server thread/INFO]: [Essentials] No kits found to migrate.
[00:27:08] [Server thread/INFO]: [Essentials] Loaded 25515 items from items.json.
[00:27:08] [Server thread/INFO]: [Essentials] Using locale fr_FR
[00:27:08] [Server thread/INFO]: [Essentials] ServerListPingEvent: Spigot iterator API
[00:27:08] [Server thread/INFO]: [Essentials] Starting Metrics. Opt-out using the global bStats config.
[00:27:08] [Server thread/INFO]: [Essentials] Using superperms-based permissions.
[00:27:08] [Server thread/INFO]: [EssentialsProtect] Enabling EssentialsProtect v2.18.0.0
[00:27:08] [Server thread/INFO]: [EssentialsProtect] Continuing to enable Protect.
[00:27:08] [Server thread/INFO]: [EssentialsProtect] Starting Metrics. Opt-out using the global bStats config.
[00:27:08] [Server thread/INFO]: [EssentialsChat] Enabling EssentialsChat v2.18.0.0
[00:27:08] [Server thread/INFO]: [EssentialsChat] Starting Metrics. Opt-out using the global bStats config.
[00:27:08] [Server thread/INFO]: [HelloWorld] Enabling HelloWorld v1.0*
[00:27:08] [Server thread/INFO]: [EssentialsAntiBuild] Enabling EssentialsAntiBuild v2.18.0.0
[00:27:08] [Server thread/INFO]: [EssentialsAntiBuild] Starting Metrics. Opt-out using the global bStats config.
[00:27:08] [Server thread/INFO]: [PlugMan] Enabling PlugMan v2.1.7
[00:27:08] [Server thread/INFO]: [GodArmor] Enabling GodArmor v1.0
[00:27:08] [Server thread/INFO]: [ViaVersion] Enabling ViaVersion v3.0.1
[00:27:08] [Server thread/INFO]: [Launcher] Enabling Launcher v1.1*
[00:27:08] [Server thread/INFO]: [EssentialsSpawn] Enabling EssentialsSpawn v2.18.0.0
[00:27:08] [Server thread/INFO]: [EssentialsSpawn] Starting Metrics. Opt-out using the global bStats config.
[00:27:08] [Server thread/INFO]: Done (8.613s)! For help, type "help"
[00:27:08] [Server thread/INFO]: Timings Reset
[00:27:08] [Server thread/INFO]: [ViaVersion] ViaVersion detected server version: 1.14.4(498)
[00:27:15] [User Authenticator #1/INFO]: UUID of player colonel26 is d59261bf-5a33-3f98-abc0-05ced4e56bc0
[00:27:15] [Netty Server IO #1/WARN]: [ViaBackwards] Ignoring plugin channel in incoming REGISTER: FML
[00:27:15] [Netty Server IO #1/WARN]: [ViaBackwards] Ignoring plugin channel in incoming REGISTER: FML
[00:27:15] [Netty Server IO #1/WARN]: [ViaBackwards] Ignoring plugin channel in incoming REGISTER: FORGE
[00:27:15] [Server thread/INFO]: colonel26[/127.0.0.1:58768] logged in with entity id 16 at ([world]206.5, 71.0, -105.5)
[00:27:15] [Craft Scheduler Thread - 4/INFO]: [Essentials] Found new UUID for colonel26. Replacing ae25d4f5-ad75-4e31-9338-5c514448420e with d59261bf-5a33-3f98-abc0-05ced4e56bc0
[00:27:15] [pool-9-thread-1/INFO]: [Essentials] Création d'une configuration vierge : D:\Divers\Paper 1.14 server\plugins\Essentials\userdata\d59261bf-5a33-3f98-abc0-05ced4e56bc0.yml
[00:27:15] [Server thread/INFO]: colonel26 has made the advancement [Getting an Upgrade]
[00:27:16] [Server thread/WARN]: colonel26 moved too quickly! -2.0,7.0,-10.0
[00:27:21] [Server thread/WARN]: [ViaVersion] Could not check for updates, check your connection.
[00:27:30] [Server thread/INFO]: Made colonel26 a server operator
[00:27:37] [Server thread/INFO]: colonel26 issued server command: /gm 1
[00:27:41] [Server thread/INFO]: colonel26 issued server command: /ga
[00:27:41] [Server thread/INFO]: colonel26 has made the advancement [Cover Me With Diamonds]
[00:28:00] [Server thread/INFO]: colonel26 issued server command: /gm 0
[00:28:14] [Server thread/WARN]: colonel26 moved wrongly!
[00:28:15] [Server thread/WARN]: colonel26 moved wrongly!
[00:28:16] [Server thread/WARN]: colonel26 moved wrongly!
[00:28:16] [Server thread/WARN]: colonel26 moved wrongly!
[00:28:16] [Server thread/WARN]: colonel26 moved wrongly!
[00:28:18] [Server thread/WARN]: colonel26 moved wrongly!
[00:28:24] [Server thread/INFO]: colonel26 issued server command: /summon zombiz
[00:28:26] [Server thread/INFO]: colonel26 issued server command: /summon zombie
[00:28:26] [Server thread/INFO]: [colonel26: Summoned new Zombie]
[00:28:49] [Server thread/INFO]: colonel26 issued server command: /killall monsters
[00:28:51] [Server thread/INFO]: colonel26 issued server command: /summon wither
[00:28:51] [Server thread/INFO]: [colonel26: Summoned new Wither]
[00:28:59] [Server thread/INFO]: colonel26 issued server command: /killall monsters
[00:30:31] [Server thread/WARN]: colonel26 moved wrongly!
[00:30:31] [Server thread/WARN]: colonel26 moved wrongly!
[00:30:31] [Server thread/WARN]: colonel26 moved wrongly!
[00:30:31] [Server thread/WARN]: colonel26 moved wrongly!
[00:30:44] [Server thread/WARN]: colonel26 moved wrongly!
[00:35:03] [Server thread/INFO]: colonel26 lost connection: Disconnected
[00:35:03] [Server thread/INFO]: colonel26 left the game
[00:35:09] [Server thread/INFO]: Stopping the server
[00:35:09] [Server thread/INFO]: Stopping server
[00:35:09] [Server thread/INFO]: [ViaRewind] Disabling ViaRewind v1.5.0
[00:35:09] [Server thread/INFO]: [ViaBackwards] Disabling ViaBackwards v3.0.1
[00:35:09] [Server thread/INFO]: [EssentialsSpawn] Disabling EssentialsSpawn v2.18.0.0
[00:35:09] [Server thread/INFO]: [Launcher] Disabling Launcher v1.1
[00:35:09] [Server thread/INFO]: [ViaVersion] Disabling ViaVersion v3.0.1
[00:35:09] [Server thread/INFO]: [ViaVersion] ViaVersion is disabling, if this is a reload and you experience issues consider rebooting.
[00:35:09] [Server thread/INFO]: [GodArmor] Disabling GodArmor v1.0
[00:35:09] [Server thread/INFO]: [PlugMan] Disabling PlugMan v2.1.7
[00:35:09] [Server thread/INFO]: [EssentialsAntiBuild] Disabling EssentialsAntiBuild v2.18.0.0
[00:35:09] [Server thread/INFO]: [HelloWorld] Disabling HelloWorld v1.0
[00:35:09] [Server thread/INFO]: [EssentialsChat] Disabling EssentialsChat v2.18.0.0
[00:35:09] [Server thread/INFO]: [EssentialsProtect] Disabling EssentialsProtect v2.18.0.0
[00:35:09] [Server thread/INFO]: [Essentials] Disabling Essentials v2.18.0.0
[00:35:09] [Server thread/INFO]: [GodBoots] Disabling GodBoots v1.6.1
[00:35:09] [Server thread/INFO]: Saving players
[00:35:09] [Server thread/INFO]: Saving worlds
[00:35:09] [Server thread/INFO]: Saving chunks for level 'world'/minecraft:overworld
[00:35:09] [Server thread/INFO]: ThreadedAnvilChunkStorage (world): All chunks are saved
[00:35:09] [Server thread/INFO]: Saving chunks for level 'world_nether'/minecraft:the_nether
[00:35:09] [Server thread/INFO]: ThreadedAnvilChunkStorage (DIM-1): All chunks are saved
[00:35:09] [Server thread/INFO]: Saving chunks for level 'world_the_end'/minecraft:the_end
[00:35:09] [Server thread/INFO]: ThreadedAnvilChunkStorage (DIM1): All chunks are saved
[00:35:09] [Server thread/INFO]: ThreadedAnvilChunkStorage (world): All chunks are saved
[00:35:09] [Server thread/INFO]: ThreadedAnvilChunkStorage (DIM-1): All chunks are saved
[00:35:09] [Server thread/INFO]: ThreadedAnvilChunkStorage (DIM1): All chunks are saved
